#
# A fatal error has been detected by the Java Runtime Environment:
#
#  EXCEPTION_ACCESS_VIOLATION (0xc0000005) at pc=0x00007ffb6877c5c5, pid=64992, tid=74792
#
# JRE version: Java(TM) SE Runtime Environment (12.0.1+12) (build 12.0.1+12)
# Java VM: Java HotSpot(TM) 64-Bit Server VM (12.0.1+12, mixed mode, sharing, tiered, compressed oops, g1 gc, windows-amd64)
# Problematic frame:
# V  [jvm.dll+0x5ec5c5]
#
# No core dump will be written. Minidumps are not enabled by default on client versions of Windows
#
# If you would like to submit a bug report, please visit:
#   http://bugreport.java.com/bugreport/crash.jsp
#

---------------  S U M M A R Y ------------

Command Line: -Dfile.encoding=UTF-8 -agentpath:C:/Program Files/NetBeans-11.1/netbeans/profiler/lib/deployed/jdk16/windows-amd64/profilerinterface.dll=C:\Program Files\NetBeans-11.1\netbeans\profiler\lib,5140,10 -XX:+HeapDumpOnOutOfMemoryError -XX:HeapDumpPath=C:\Users\10361\Documents\NetBeansProjects\ClinicaPP\nbproject\private\profiler --module-path=C:\Users\10361\Documents\NetBeansProjects\ClinicaPP\build\classes principa.Principal

Host: Intel(R) Core(TM) i3-8100 CPU @ 3.60GHz, 4 cores, 7G,  Windows 10 , 64 bit Build 17134 (10.0.17134.753)
Time: Wed Feb 12 21:37:10 2020 Hora Padrão de Buenos Aires elapsed time: 2 seconds (0d 0h 0m 2s)

---------------  T H R E A D  ---------------

Current thread (0x000001a9ffc46000):  JavaThread "*** Profiler Agent Communication Thread" daemon [_thread_in_vm, id=74792, stack(0x0000009c71600000,0x0000009c71700000)]

Stack: [0x0000009c71600000,0x0000009c71700000],  sp=0x0000009c716ff0e0,  free space=1020k
Native frames: (J=compiled Java code, j=interpreted, Vv=VM code, C=native code)
V  [jvm.dll+0x5ec5c5]
V  [jvm.dll+0x4b3c84]
C  [profilerinterface.dll+0x34da]

Java frames: (J=compiled Java code, j=interpreted, Vv=VM code)
j  org.netbeans.lib.profiler.server.system.Stacks.getMethodNamesForJMethodIds(I[I[I)[B+0
j  org.netbeans.lib.profiler.server.ProfilerInterface.getMethodNamesForJMethodIds([I)Lorg/netbeans/lib/profiler/wireprotocol/MethodNamesResponse;+20
j  org.netbeans.lib.profiler.server.ProfilerServer.handleClientCommand(Lorg/netbeans/lib/profiler/wireprotocol/Command;)V+691
j  org.netbeans.lib.profiler.server.ProfilerServer.listenToClient()V+48
j  org.netbeans.lib.profiler.server.ProfilerServer.run()V+22
v  ~StubRoutines::call_stub

siginfo: EXCEPTION_ACCESS_VIOLATION (0xc0000005), reading address 0xffffffffffecc818


Register to memory mapping:

RIP=0x00007ffb6877c5c5 jvm.dll
RAX=0x0000009c716ff101 is pointing into the stack for thread: 0x000001a9ffc46000
RBX=0x000001a9ffc46000 is a thread
RCX=0xffffffffffecc818 is an unknown value
RDX=0x000001a9ffc46000 is a thread
RSP=0x0000009c716ff0e0 is pointing into the stack for thread: 0x000001a9ffc46000
RBP=0xffffffffffecc818 is an unknown value
RSI=0x0000009c716ff200 is pointing into the stack for thread: 0x000001a9ffc46000
RDI=0x000001a9f24a6de0 points into unknown readable memory: c0 04 bb 68 fb 7f 00 00
R8 =0x0000009c716ff200 is pointing into the stack for thread: 0x000001a9ffc46000
R9 =0x0000000000000022 is an unknown value
R10=0x000001a9f23f0310 points into unknown readable memory: 00 00 00 00 00 00 00 00
R11=0x0000009c716ff0d8 is pointing into the stack for thread: 0x000001a9ffc46000
R12=0x000001a99427dc20 points into unknown readable memory: 18 c8 ec 3f 28 c8 ec 3f
R13=0x0000000000000014 is an unknown value
R14=0x00007ffb935f9c68 profilerinterface.dll
R15=0x00007ffb935f9a60 profilerinterface.dll


Registers:
RAX=0x0000009c716ff101, RBX=0x000001a9ffc46000, RCX=0xffffffffffecc818, RDX=0x000001a9ffc46000
RSP=0x0000009c716ff0e0, RBP=0xffffffffffecc818, RSI=0x0000009c716ff200, RDI=0x000001a9f24a6de0
R8 =0x0000009c716ff200, R9 =0x0000000000000022, R10=0x000001a9f23f0310, R11=0x0000009c716ff0d8
R12=0x000001a99427dc20, R13=0x0000000000000014, R14=0x00007ffb935f9c68, R15=0x00007ffb935f9a60
RIP=0x00007ffb6877c5c5, EFLAGS=0x0000000000010286

Top of Stack: (sp=0x0000009c716ff0e0)
0x0000009c716ff0e0:   000001a9ffc46000 00007ffb68575bf3
0x0000009c716ff0f0:   000001a9ffc46000 0000009c716ff2b8
0x0000009c716ff100:   000001a9ffc46000 00007ffb68643c84
0x0000009c716ff110:   0000000000000320 000001a9ffc46000
0x0000009c716ff120:   000001a9ffc46330 00007ffb9c389960
0x0000009c716ff130:   000001a9ffc46000 0000000000000000
0x0000009c716ff140:   000001a900000000 0000000000000000
0x0000009c716ff150:   ffffffffffecc818 00007ffb935f34da
0x0000009c716ff160:   0000000000000000 000001a9ffc46330
0x0000009c716ff170:   0000000000000150 0000009c716ff2b0
0x0000009c716ff180:   000001a99427dc20 00007ffb685268c3
0x0000009c716ff190:   0000009c716ff7c0 0000000000000150
0x0000009c716ff1a0:   0000000000000150 000001a980055f79
0x0000009c716ff1b0:   000001a9932a9478 000001a9ffc46000
0x0000009c716ff1c0:   000001a9ffc46000 000001a9932a9478
0x0000009c716ff1d0:   0000000000000000 000001a980009950 

Instructions: (pc=0x00007ffb6877c5c5)
0x00007ffb6877c5a5:   cc cc cc cc cc cc cc cc cc cc cc 48 83 ec 28 48
0x00007ffb6877c5b5:   85 c9 75 07 33 c0 48 83 c4 28 c3 48 89 5c 24 20
0x00007ffb6877c5c5:   48 8b 19 48 85 db 74 20 48 83 fb 37 74 1a 48 8b
0x00007ffb6877c5d5:   13 48 8b cb ff 52 10 84 c0 74 0d 48 8b c3 48 8b 


Stack slot to memory mapping:
stack at sp + 0 slots: 0x000001a9ffc46000 is a thread
stack at sp + 1 slots: 0x00007ffb68575bf3 jvm.dll
stack at sp + 2 slots: 0x000001a9ffc46000 is a thread
stack at sp + 3 slots: 0x0000009c716ff2b8 is pointing into the stack for thread: 0x000001a9ffc46000
stack at sp + 4 slots: 0x000001a9ffc46000 is a thread
stack at sp + 5 slots: 0x00007ffb68643c84 jvm.dll
stack at sp + 6 slots: 0x0000000000000320 is an unknown value
stack at sp + 7 slots: 0x000001a9ffc46000 is a thread


---------------  P R O C E S S  ---------------

Threads class SMR info:
_java_thread_list=0x000001a9939598a0, length=15, elements={
0x000001a9ff964000, 0x000001a9ff96e000, 0x000001a9ff980800, 0x000001a9ff981800,
0x000001a9ff983800, 0x000001a9ff987000, 0x000001a9ff988800, 0x000001a9ffbc4800,
0x000001a9ffc46000, 0x000001a9ffcde000, 0x000001a9ffdfd800, 0x000001a993a3d800,
0x000001a993998800, 0x000001a9f4572000, 0x000001a9ffbd3000
}

Java Threads: ( => current thread )
  0x000001a9ff964000 JavaThread "Reference Handler" daemon [_thread_blocked, id=45788, stack(0x0000009c70e00000,0x0000009c70f00000)]
  0x000001a9ff96e000 JavaThread "Finalizer" daemon [_thread_blocked, id=25616, stack(0x0000009c70f00000,0x0000009c71000000)]
  0x000001a9ff980800 JavaThread "Signal Dispatcher" daemon [_thread_blocked, id=36632, stack(0x0000009c71000000,0x0000009c71100000)]
  0x000001a9ff981800 JavaThread "Attach Listener" daemon [_thread_blocked, id=48920, stack(0x0000009c71100000,0x0000009c71200000)]
  0x000001a9ff983800 JavaThread "C2 CompilerThread0" daemon [_thread_blocked, id=47100, stack(0x0000009c71200000,0x0000009c71300000)]
  0x000001a9ff987000 JavaThread "C1 CompilerThread0" daemon [_thread_blocked, id=74264, stack(0x0000009c71300000,0x0000009c71400000)]
  0x000001a9ff988800 JavaThread "Sweeper thread" daemon [_thread_blocked, id=43544, stack(0x0000009c71400000,0x0000009c71500000)]
  0x000001a9ffbc4800 JavaThread "Common-Cleaner" daemon [_thread_blocked, id=56136, stack(0x0000009c71500000,0x0000009c71600000)]
=>0x000001a9ffc46000 JavaThread "*** Profiler Agent Communication Thread" daemon [_thread_in_vm, id=74792, stack(0x0000009c71600000,0x0000009c71700000)]
  0x000001a9ffcde000 JavaThread "*** JFluid Monitor thread ***" daemon [_thread_blocked, id=73108, stack(0x0000009c71700000,0x0000009c71800000)]
  0x000001a9ffdfd800 JavaThread "*** Profiler Agent Special Execution Thread 6" daemon [_thread_blocked, id=68136, stack(0x0000009c71800000,0x0000009c71900000)]
  0x000001a993a3d800 JavaThread "*** Profiler Agent Special Execution Thread 10" daemon [_thread_blocked, id=70544, stack(0x0000009c71a00000,0x0000009c71b00000)]
  0x000001a993998800 JavaThread "Service Thread" daemon [_thread_blocked, id=72356, stack(0x0000009c71900000,0x0000009c71a00000)]
  0x000001a9f4572000 JavaThread "DestroyJavaVM" [_thread_blocked, id=70140, stack(0x0000009c70700000,0x0000009c70800000)]
  0x000001a9ffbd3000 JavaThread "*** Profiler Agent Special Execution Thread 7" [_thread_blocked, id=67788, stack(0x0000009c71c00000,0x0000009c71d00000)]

Other Threads:
  0x000001a9ff95c800 VMThread "VM Thread" [stack: 0x0000009c70d00000,0x0000009c70e00000] [id=68828]
  0x000001a993a13000 WatcherThread [stack: 0x0000009c71b00000,0x0000009c71c00000] [id=6640]
  0x000001a9f45b3000 GCTaskThread "GC Thread#0" [stack: 0x0000009c70800000,0x0000009c70900000] [id=53972]
  0x000001a9f45c0800 ConcurrentGCThread "G1 Main Marker" [stack: 0x0000009c70900000,0x0000009c70a00000] [id=1124]
  0x000001a9f45c3000 ConcurrentGCThread "G1 Conc#0" [stack: 0x0000009c70a00000,0x0000009c70b00000] [id=38876]
  0x000001a9ff7e0800 ConcurrentGCThread "G1 Refine#0" [stack: 0x0000009c70b00000,0x0000009c70c00000] [id=27260]
  0x000001a9ff7e1800 ConcurrentGCThread "G1 Young RemSet Sampling" [stack: 0x0000009c70c00000,0x0000009c70d00000] [id=43856]

Threads with active compile tasks:

VM state:synchronizing (normal execution)

VM Mutex/Monitor currently owned by a thread:  ([mutex/lock_event])
[0x000001a9f456e030] Threads_lock - owner thread: 0x000001a9ff95c800

Heap address: 0x0000000082c00000, size: 2004 MB, Compressed Oops mode: 32-bit
Narrow klass base: 0x0000000800000000, Narrow klass shift: 3
Compressed class space size: 1073741824 Address: 0x00000008011a0000

Heap:
 garbage-first heap   total 129024K, used 9216K [0x0000000082c00000, 0x0000000100000000)
  region size 1024K, 8 young (8192K), 0 survivors (0K)
 Metaspace       used 4723K, capacity 4945K, committed 4992K, reserved 1056768K
  class space    used 520K, capacity 595K, committed 640K, reserved 1048576K
Heap Regions: E=young(eden), S=young(survivor), O=old, HS=humongous(starts), HC=humongous(continues), CS=collection set, F=free, A=archive, TAMS=top-at-mark-start (previous, next)
|   0|0x0000000082c00000, 0x0000000082d00000, 0x0000000082d00000|100%|HS|  |TAMS 0x0000000082c00000, 0x0000000082c00000| Complete 
|   1|0x0000000082d00000, 0x0000000082e00000, 0x0000000082e00000|100%|HC|  |TAMS 0x0000000082d00000, 0x0000000082d00000| Complete 
|   2|0x0000000082e00000, 0x0000000082e00000, 0x0000000082f00000|  0%| F|  |TAMS 0x0000000082e00000, 0x0000000082e00000| Untracked 
|   3|0x0000000082f00000, 0x0000000082f00000, 0x0000000083000000|  0%| F|  |TAMS 0x0000000082f00000, 0x0000000082f00000| Untracked 
|   4|0x0000000083000000, 0x0000000083000000, 0x0000000083100000|  0%| F|  |TAMS 0x0000000083000000, 0x0000000083000000| Untracked 
|   5|0x0000000083100000, 0x0000000083100000, 0x0000000083200000|  0%| F|  |TAMS 0x0000000083100000, 0x0000000083100000| Untracked 
|   6|0x0000000083200000, 0x0000000083200000, 0x0000000083300000|  0%| F|  |TAMS 0x0000000083200000, 0x0000000083200000| Untracked 
|   7|0x0000000083300000, 0x0000000083300000, 0x0000000083400000|  0%| F|  |TAMS 0x0000000083300000, 0x0000000083300000| Untracked 
|   8|0x0000000083400000, 0x0000000083400000, 0x0000000083500000|  0%| F|  |TAMS 0x0000000083400000, 0x0000000083400000| Untracked 
|   9|0x0000000083500000, 0x0000000083500000, 0x0000000083600000|  0%| F|  |TAMS 0x0000000083500000, 0x0000000083500000| Untracked 
|  10|0x0000000083600000, 0x0000000083600000, 0x0000000083700000|  0%| F|  |TAMS 0x0000000083600000, 0x0000000083600000| Untracked 
|  11|0x0000000083700000, 0x0000000083700000, 0x0000000083800000|  0%| F|  |TAMS 0x0000000083700000, 0x0000000083700000| Untracked 
|  12|0x0000000083800000, 0x0000000083800000, 0x0000000083900000|  0%| F|  |TAMS 0x0000000083800000, 0x0000000083800000| Untracked 
|  13|0x0000000083900000, 0x0000000083900000, 0x0000000083a00000|  0%| F|  |TAMS 0x0000000083900000, 0x0000000083900000| Untracked 
|  14|0x0000000083a00000, 0x0000000083a00000, 0x0000000083b00000|  0%| F|  |TAMS 0x0000000083a00000, 0x0000000083a00000| Untracked 
|  15|0x0000000083b00000, 0x0000000083b00000, 0x0000000083c00000|  0%| F|  |TAMS 0x0000000083b00000, 0x0000000083b00000| Untracked 
|  16|0x0000000083c00000, 0x0000000083c00000, 0x0000000083d00000|  0%| F|  |TAMS 0x0000000083c00000, 0x0000000083c00000| Untracked 
|  17|0x0000000083d00000, 0x0000000083d00000, 0x0000000083e00000|  0%| F|  |TAMS 0x0000000083d00000, 0x0000000083d00000| Untracked 
|  18|0x0000000083e00000, 0x0000000083e00000, 0x0000000083f00000|  0%| F|  |TAMS 0x0000000083e00000, 0x0000000083e00000| Untracked 
|  19|0x0000000083f00000, 0x0000000083f00000, 0x0000000084000000|  0%| F|  |TAMS 0x0000000083f00000, 0x0000000083f00000| Untracked 
|  20|0x0000000084000000, 0x0000000084000000, 0x0000000084100000|  0%| F|  |TAMS 0x0000000084000000, 0x0000000084000000| Untracked 
|  21|0x0000000084100000, 0x0000000084100000, 0x0000000084200000|  0%| F|  |TAMS 0x0000000084100000, 0x0000000084100000| Untracked 
|  22|0x0000000084200000, 0x0000000084200000, 0x0000000084300000|  0%| F|  |TAMS 0x0000000084200000, 0x0000000084200000| Untracked 
|  23|0x0000000084300000, 0x0000000084300000, 0x0000000084400000|  0%| F|  |TAMS 0x0000000084300000, 0x0000000084300000| Untracked 
|  24|0x0000000084400000, 0x0000000084400000, 0x0000000084500000|  0%| F|  |TAMS 0x0000000084400000, 0x0000000084400000| Untracked 
|  25|0x0000000084500000, 0x0000000084500000, 0x0000000084600000|  0%| F|  |TAMS 0x0000000084500000, 0x0000000084500000| Untracked 
|  26|0x0000000084600000, 0x0000000084600000, 0x0000000084700000|  0%| F|  |TAMS 0x0000000084600000, 0x0000000084600000| Untracked 
|  27|0x0000000084700000, 0x0000000084700000, 0x0000000084800000|  0%| F|  |TAMS 0x0000000084700000, 0x0000000084700000| Untracked 
|  28|0x0000000084800000, 0x0000000084800000, 0x0000000084900000|  0%| F|  |TAMS 0x0000000084800000, 0x0000000084800000| Untracked 
|  29|0x0000000084900000, 0x0000000084900000, 0x0000000084a00000|  0%| F|  |TAMS 0x0000000084900000, 0x0000000084900000| Untracked 
|  30|0x0000000084a00000, 0x0000000084a00000, 0x0000000084b00000|  0%| F|  |TAMS 0x0000000084a00000, 0x0000000084a00000| Untracked 
|  31|0x0000000084b00000, 0x0000000084b00000, 0x0000000084c00000|  0%| F|  |TAMS 0x0000000084b00000, 0x0000000084b00000| Untracked 
|  32|0x0000000084c00000, 0x0000000084c00000, 0x0000000084d00000|  0%| F|  |TAMS 0x0000000084c00000, 0x0000000084c00000| Untracked 
|  33|0x0000000084d00000, 0x0000000084d00000, 0x0000000084e00000|  0%| F|  |TAMS 0x0000000084d00000, 0x0000000084d00000| Untracked 
|  34|0x0000000084e00000, 0x0000000084e00000, 0x0000000084f00000|  0%| F|  |TAMS 0x0000000084e00000, 0x0000000084e00000| Untracked 
|  35|0x0000000084f00000, 0x0000000084f00000, 0x0000000085000000|  0%| F|  |TAMS 0x0000000084f00000, 0x0000000084f00000| Untracked 
|  36|0x0000000085000000, 0x0000000085000000, 0x0000000085100000|  0%| F|  |TAMS 0x0000000085000000, 0x0000000085000000| Untracked 
|  37|0x0000000085100000, 0x0000000085100000, 0x0000000085200000|  0%| F|  |TAMS 0x0000000085100000, 0x0000000085100000| Untracked 
|  38|0x0000000085200000, 0x0000000085200000, 0x0000000085300000|  0%| F|  |TAMS 0x0000000085200000, 0x0000000085200000| Untracked 
|  39|0x0000000085300000, 0x0000000085300000, 0x0000000085400000|  0%| F|  |TAMS 0x0000000085300000, 0x0000000085300000| Untracked 
|  40|0x0000000085400000, 0x0000000085400000, 0x0000000085500000|  0%| F|  |TAMS 0x0000000085400000, 0x0000000085400000| Untracked 
|  41|0x0000000085500000, 0x0000000085500000, 0x0000000085600000|  0%| F|  |TAMS 0x0000000085500000, 0x0000000085500000| Untracked 
|  42|0x0000000085600000, 0x0000000085600000, 0x0000000085700000|  0%| F|  |TAMS 0x0000000085600000, 0x0000000085600000| Untracked 
|  43|0x0000000085700000, 0x0000000085700000, 0x0000000085800000|  0%| F|  |TAMS 0x0000000085700000, 0x0000000085700000| Untracked 
|  44|0x0000000085800000, 0x0000000085800000, 0x0000000085900000|  0%| F|  |TAMS 0x0000000085800000, 0x0000000085800000| Untracked 
|  45|0x0000000085900000, 0x0000000085900000, 0x0000000085a00000|  0%| F|  |TAMS 0x0000000085900000, 0x0000000085900000| Untracked 
|  46|0x0000000085a00000, 0x0000000085a00000, 0x0000000085b00000|  0%| F|  |TAMS 0x0000000085a00000, 0x0000000085a00000| Untracked 
|  47|0x0000000085b00000, 0x0000000085b00000, 0x0000000085c00000|  0%| F|  |TAMS 0x0000000085b00000, 0x0000000085b00000| Untracked 
|  48|0x0000000085c00000, 0x0000000085c00000, 0x0000000085d00000|  0%| F|  |TAMS 0x0000000085c00000, 0x0000000085c00000| Untracked 
|  49|0x0000000085d00000, 0x0000000085d00000, 0x0000000085e00000|  0%| F|  |TAMS 0x0000000085d00000, 0x0000000085d00000| Untracked 
|  50|0x0000000085e00000, 0x0000000085e00000, 0x0000000085f00000|  0%| F|  |TAMS 0x0000000085e00000, 0x0000000085e00000| Untracked 
|  51|0x0000000085f00000, 0x0000000085f00000, 0x0000000086000000|  0%| F|  |TAMS 0x0000000085f00000, 0x0000000085f00000| Untracked 
|  52|0x0000000086000000, 0x0000000086000000, 0x0000000086100000|  0%| F|  |TAMS 0x0000000086000000, 0x0000000086000000| Untracked 
|  53|0x0000000086100000, 0x0000000086100000, 0x0000000086200000|  0%| F|  |TAMS 0x0000000086100000, 0x0000000086100000| Untracked 
|  54|0x0000000086200000, 0x0000000086200000, 0x0000000086300000|  0%| F|  |TAMS 0x0000000086200000, 0x0000000086200000| Untracked 
|  55|0x0000000086300000, 0x0000000086300000, 0x0000000086400000|  0%| F|  |TAMS 0x0000000086300000, 0x0000000086300000| Untracked 
|  56|0x0000000086400000, 0x0000000086400000, 0x0000000086500000|  0%| F|  |TAMS 0x0000000086400000, 0x0000000086400000| Untracked 
|  57|0x0000000086500000, 0x0000000086500000, 0x0000000086600000|  0%| F|  |TAMS 0x0000000086500000, 0x0000000086500000| Untracked 
|  58|0x0000000086600000, 0x0000000086600000, 0x0000000086700000|  0%| F|  |TAMS 0x0000000086600000, 0x0000000086600000| Untracked 
|  59|0x0000000086700000, 0x0000000086700000, 0x0000000086800000|  0%| F|  |TAMS 0x0000000086700000, 0x0000000086700000| Untracked 
|  60|0x0000000086800000, 0x0000000086800000, 0x0000000086900000|  0%| F|  |TAMS 0x0000000086800000, 0x0000000086800000| Untracked 
|  61|0x0000000086900000, 0x0000000086900000, 0x0000000086a00000|  0%| F|  |TAMS 0x0000000086900000, 0x0000000086900000| Untracked 
|  62|0x0000000086a00000, 0x0000000086a00000, 0x0000000086b00000|  0%| F|  |TAMS 0x0000000086a00000, 0x0000000086a00000| Untracked 
|  63|0x0000000086b00000, 0x0000000086b00000, 0x0000000086c00000|  0%| F|  |TAMS 0x0000000086b00000, 0x0000000086b00000| Untracked 
|  64|0x0000000086c00000, 0x0000000086c00000, 0x0000000086d00000|  0%| F|  |TAMS 0x0000000086c00000, 0x0000000086c00000| Untracked 
|  65|0x0000000086d00000, 0x0000000086d00000, 0x0000000086e00000|  0%| F|  |TAMS 0x0000000086d00000, 0x0000000086d00000| Untracked 
|  66|0x0000000086e00000, 0x0000000086e00000, 0x0000000086f00000|  0%| F|  |TAMS 0x0000000086e00000, 0x0000000086e00000| Untracked 
|  67|0x0000000086f00000, 0x0000000086f00000, 0x0000000087000000|  0%| F|  |TAMS 0x0000000086f00000, 0x0000000086f00000| Untracked 
|  68|0x0000000087000000, 0x0000000087000000, 0x0000000087100000|  0%| F|  |TAMS 0x0000000087000000, 0x0000000087000000| Untracked 
|  69|0x0000000087100000, 0x0000000087100000, 0x0000000087200000|  0%| F|  |TAMS 0x0000000087100000, 0x0000000087100000| Untracked 
|  70|0x0000000087200000, 0x0000000087200000, 0x0000000087300000|  0%| F|  |TAMS 0x0000000087200000, 0x0000000087200000| Untracked 
|  71|0x0000000087300000, 0x0000000087300000, 0x0000000087400000|  0%| F|  |TAMS 0x0000000087300000, 0x0000000087300000| Untracked 
|  72|0x0000000087400000, 0x0000000087400000, 0x0000000087500000|  0%| F|  |TAMS 0x0000000087400000, 0x0000000087400000| Untracked 
|  73|0x0000000087500000, 0x0000000087500000, 0x0000000087600000|  0%| F|  |TAMS 0x0000000087500000, 0x0000000087500000| Untracked 
|  74|0x0000000087600000, 0x0000000087600000, 0x0000000087700000|  0%| F|  |TAMS 0x0000000087600000, 0x0000000087600000| Untracked 
|  75|0x0000000087700000, 0x0000000087700000, 0x0000000087800000|  0%| F|  |TAMS 0x0000000087700000, 0x0000000087700000| Untracked 
|  76|0x0000000087800000, 0x0000000087800000, 0x0000000087900000|  0%| F|  |TAMS 0x0000000087800000, 0x0000000087800000| Untracked 
|  77|0x0000000087900000, 0x0000000087900000, 0x0000000087a00000|  0%| F|  |TAMS 0x0000000087900000, 0x0000000087900000| Untracked 
|  78|0x0000000087a00000, 0x0000000087a00000, 0x0000000087b00000|  0%| F|  |TAMS 0x0000000087a00000, 0x0000000087a00000| Untracked 
|  79|0x0000000087b00000, 0x0000000087b00000, 0x0000000087c00000|  0%| F|  |TAMS 0x0000000087b00000, 0x0000000087b00000| Untracked 
|  80|0x0000000087c00000, 0x0000000087c00000, 0x0000000087d00000|  0%| F|  |TAMS 0x0000000087c00000, 0x0000000087c00000| Untracked 
|  81|0x0000000087d00000, 0x0000000087d00000, 0x0000000087e00000|  0%| F|  |TAMS 0x0000000087d00000, 0x0000000087d00000| Untracked 
|  82|0x0000000087e00000, 0x0000000087e00000, 0x0000000087f00000|  0%| F|  |TAMS 0x0000000087e00000, 0x0000000087e00000| Untracked 
|  83|0x0000000087f00000, 0x0000000087f00000, 0x0000000088000000|  0%| F|  |TAMS 0x0000000087f00000, 0x0000000087f00000| Untracked 
|  84|0x0000000088000000, 0x0000000088000000, 0x0000000088100000|  0%| F|  |TAMS 0x0000000088000000, 0x0000000088000000| Untracked 
|  85|0x0000000088100000, 0x0000000088100000, 0x0000000088200000|  0%| F|  |TAMS 0x0000000088100000, 0x0000000088100000| Untracked 
|  86|0x0000000088200000, 0x0000000088200000, 0x0000000088300000|  0%| F|  |TAMS 0x0000000088200000, 0x0000000088200000| Untracked 
|  87|0x0000000088300000, 0x0000000088300000, 0x0000000088400000|  0%| F|  |TAMS 0x0000000088300000, 0x0000000088300000| Untracked 
|  88|0x0000000088400000, 0x0000000088400000, 0x0000000088500000|  0%| F|  |TAMS 0x0000000088400000, 0x0000000088400000| Untracked 
|  89|0x0000000088500000, 0x0000000088500000, 0x0000000088600000|  0%| F|  |TAMS 0x0000000088500000, 0x0000000088500000| Untracked 
|  90|0x0000000088600000, 0x0000000088600000, 0x0000000088700000|  0%| F|  |TAMS 0x0000000088600000, 0x0000000088600000| Untracked 
|  91|0x0000000088700000, 0x0000000088700000, 0x0000000088800000|  0%| F|  |TAMS 0x0000000088700000, 0x0000000088700000| Untracked 
|  92|0x0000000088800000, 0x0000000088800000, 0x0000000088900000|  0%| F|  |TAMS 0x0000000088800000, 0x0000000088800000| Untracked 
|  93|0x0000000088900000, 0x0000000088900000, 0x0000000088a00000|  0%| F|  |TAMS 0x0000000088900000, 0x0000000088900000| Untracked 
|  94|0x0000000088a00000, 0x0000000088a00000, 0x0000000088b00000|  0%| F|  |TAMS 0x0000000088a00000, 0x0000000088a00000| Untracked 
|  95|0x0000000088b00000, 0x0000000088b00000, 0x0000000088c00000|  0%| F|  |TAMS 0x0000000088b00000, 0x0000000088b00000| Untracked 
|  96|0x0000000088c00000, 0x0000000088c00000, 0x0000000088d00000|  0%| F|  |TAMS 0x0000000088c00000, 0x0000000088c00000| Untracked 
|  97|0x0000000088d00000, 0x0000000088d00000, 0x0000000088e00000|  0%| F|  |TAMS 0x0000000088d00000, 0x0000000088d00000| Untracked 
|  98|0x0000000088e00000, 0x0000000088e00000, 0x0000000088f00000|  0%| F|  |TAMS 0x0000000088e00000, 0x0000000088e00000| Untracked 
|  99|0x0000000088f00000, 0x0000000088f00000, 0x0000000089000000|  0%| F|  |TAMS 0x0000000088f00000, 0x0000000088f00000| Untracked 
| 100|0x0000000089000000, 0x0000000089000000, 0x0000000089100000|  0%| F|  |TAMS 0x0000000089000000, 0x0000000089000000| Untracked 
| 101|0x0000000089100000, 0x0000000089100000, 0x0000000089200000|  0%| F|  |TAMS 0x0000000089100000, 0x0000000089100000| Untracked 
| 102|0x0000000089200000, 0x0000000089200000, 0x0000000089300000|  0%| F|  |TAMS 0x0000000089200000, 0x0000000089200000| Untracked 
| 103|0x0000000089300000, 0x0000000089300000, 0x0000000089400000|  0%| F|  |TAMS 0x0000000089300000, 0x0000000089300000| Untracked 
| 104|0x0000000089400000, 0x0000000089400000, 0x0000000089500000|  0%| F|  |TAMS 0x0000000089400000, 0x0000000089400000| Untracked 
| 105|0x0000000089500000, 0x0000000089500000, 0x0000000089600000|  0%| F|  |TAMS 0x0000000089500000, 0x0000000089500000| Untracked 
| 106|0x0000000089600000, 0x0000000089600000, 0x0000000089700000|  0%| F|  |TAMS 0x0000000089600000, 0x0000000089600000| Untracked 
| 107|0x0000000089700000, 0x0000000089700000, 0x0000000089800000|  0%| F|  |TAMS 0x0000000089700000, 0x0000000089700000| Untracked 
| 108|0x0000000089800000, 0x0000000089800000, 0x0000000089900000|  0%| F|  |TAMS 0x0000000089800000, 0x0000000089800000| Untracked 
| 109|0x0000000089900000, 0x0000000089900000, 0x0000000089a00000|  0%| F|  |TAMS 0x0000000089900000, 0x0000000089900000| Untracked 
| 110|0x0000000089a00000, 0x0000000089a00000, 0x0000000089b00000|  0%| F|  |TAMS 0x0000000089a00000, 0x0000000089a00000| Untracked 
| 111|0x0000000089b00000, 0x0000000089b00000, 0x0000000089c00000|  0%| F|  |TAMS 0x0000000089b00000, 0x0000000089b00000| Untracked 
| 112|0x0000000089c00000, 0x0000000089c00000, 0x0000000089d00000|  0%| F|  |TAMS 0x0000000089c00000, 0x0000000089c00000| Untracked 
| 113|0x0000000089d00000, 0x0000000089d00000, 0x0000000089e00000|  0%| F|  |TAMS 0x0000000089d00000, 0x0000000089d00000| Untracked 
| 114|0x0000000089e00000, 0x0000000089e00000, 0x0000000089f00000|  0%| F|  |TAMS 0x0000000089e00000, 0x0000000089e00000| Untracked 
| 115|0x0000000089f00000, 0x0000000089f00000, 0x000000008a000000|  0%| F|  |TAMS 0x0000000089f00000, 0x0000000089f00000| Untracked 
| 116|0x000000008a000000, 0x000000008a000000, 0x000000008a100000|  0%| F|  |TAMS 0x000000008a000000, 0x000000008a000000| Untracked 
| 117|0x000000008a100000, 0x000000008a100000, 0x000000008a200000|  0%| F|  |TAMS 0x000000008a100000, 0x000000008a100000| Untracked 
| 118|0x000000008a200000, 0x000000008a2482f0, 0x000000008a300000| 28%| E|  |TAMS 0x000000008a200000, 0x000000008a200000| Complete 
| 119|0x000000008a300000, 0x000000008a400000, 0x000000008a400000|100%| E|CS|TAMS 0x000000008a300000, 0x000000008a300000| Complete 
| 120|0x000000008a400000, 0x000000008a500000, 0x000000008a500000|100%| E|CS|TAMS 0x000000008a400000, 0x000000008a400000| Complete 
| 121|0x000000008a500000, 0x000000008a600000, 0x000000008a600000|100%| E|CS|TAMS 0x000000008a500000, 0x000000008a500000| Complete 
| 122|0x000000008a600000, 0x000000008a700000, 0x000000008a700000|100%| E|CS|TAMS 0x000000008a600000, 0x000000008a600000| Complete 
| 123|0x000000008a700000, 0x000000008a800000, 0x000000008a800000|100%| E|CS|TAMS 0x000000008a700000, 0x000000008a700000| Complete 
| 124|0x000000008a800000, 0x000000008a900000, 0x000000008a900000|100%| E|CS|TAMS 0x000000008a800000, 0x000000008a800000| Complete 
| 125|0x000000008a900000, 0x000000008aa00000, 0x000000008aa00000|100%| E|CS|TAMS 0x000000008a900000, 0x000000008a900000| Complete 

Card table byte_map: [0x000001a9fcd60000,0x000001a9fd150000] _byte_map_base: 0x000001a9fc94a000

Marking Bits (Prev, Next): (CMBitMap*) 0x000001a9f45b4148, (CMBitMap*) 0x000001a9f45b4188
 Prev Bits: [0x000001a9fd540000, 0x000001a9ff490000)
 Next Bits: [0x000001a98f000000, 0x000001a990f50000)

Polling page: 0x000001a9f2440000

Metaspace:

Usage:
  Non-class:      4.25 MB capacity,     4.10 MB ( 97%) used,   132.43 KB (  3%) free+waste,    15.00 KB ( <1%) overhead. 
      Class:    595.00 KB capacity,   520.80 KB ( 88%) used,    65.26 KB ( 11%) free+waste,     8.94 KB (  2%) overhead. 
       Both:      4.83 MB capacity,     4.61 MB ( 96%) used,   197.69 KB (  4%) free+waste,    23.94 KB ( <1%) overhead. 

Virtual space:
  Non-class space:        8.00 MB reserved,       4.25 MB ( 53%) committed 
      Class space:        1.00 GB reserved,     640.00 KB ( <1%) committed 
             Both:        1.01 GB reserved,       4.88 MB ( <1%) committed 

Chunk freelists:
   Non-Class:  256 bytes
       Class:  1.63 KB
        Both:  1.88 KB

CodeHeap 'non-profiled nmethods': size=120064Kb used=211Kb max_used=211Kb free=119852Kb
 bounds [0x000001a987ac0000, 0x000001a987d30000, 0x000001a98f000000]
CodeHeap 'profiled nmethods': size=120000Kb used=1132Kb max_used=1132Kb free=118868Kb
 bounds [0x000001a980590000, 0x000001a980800000, 0x000001a987ac0000]
CodeHeap 'non-nmethods': size=5696Kb used=1133Kb max_used=1139Kb free=4563Kb
 bounds [0x000001a980000000, 0x000001a980270000, 0x000001a980590000]
 total_blobs=1289 nmethods=721 adapters=357
 compilation: enabled
              stopped_count=0, restarted_count=0
 full_count=0

Compilation events (10 events):
Event: 1.413 Thread 0x000001a9ff987000  718       1       java.lang.Thread::getId (5 bytes)
Event: 1.413 Thread 0x000001a9ff987000 nmethod 718 0x000001a987af4990 code [0x000001a987af4b40, 0x000001a987af4c78]
Event: 1.476 Thread 0x000001a9ff987000  719       3       java.lang.Integer::<init> (10 bytes)
Event: 1.476 Thread 0x000001a9ff987000 nmethod 719 0x000001a9806a9610 code [0x000001a9806a97e0, 0x000001a9806a9a18]
Event: 1.606 Thread 0x000001a9ff987000  720       3       java.lang.Long::valueOf (40 bytes)
Event: 1.606 Thread 0x000001a9ff987000 nmethod 720 0x000001a9806a9b10 code [0x000001a9806a9ce0, 0x000001a9806aa078]
Event: 1.887 Thread 0x000001a9ff987000  722       3       jdk.internal.util.ArraysSupport::mismatch (72 bytes)
Event: 1.888 Thread 0x000001a9ff987000 nmethod 722 0x000001a9806aa210 code [0x000001a9806aa400, 0x000001a9806aa818]
Event: 1.888 Thread 0x000001a9ff987000  721       3       java.util.Arrays::equals (43 bytes)
Event: 1.888 Thread 0x000001a9ff987000 nmethod 721 0x000001a9806aaa10 code [0x000001a9806aabe0, 0x000001a9806aaef0]

GC Heap History (0 events):
No events

Deoptimization events (10 events):
Event: 0.103 Thread 0x000001a9f4572000 Uncommon trap: reason=class_check action=maybe_recompile pc=0x000001a987ad1c78 method=java.util.HashMap.putVal(ILjava/lang/Object;Ljava/lang/Object;ZZ)Ljava/lang/Object; @ 152 c2
Event: 0.103 Thread 0x000001a9f4572000 Uncommon trap: reason=class_check action=maybe_recompile pc=0x000001a987ad1c78 method=java.util.HashMap.putVal(ILjava/lang/Object;Ljava/lang/Object;ZZ)Ljava/lang/Object; @ 152 c2
Event: 0.148 Thread 0x000001a9ffc46000 Uncommon trap: reason=class_check action=maybe_recompile pc=0x000001a987ad1c78 method=java.util.HashMap.putVal(ILjava/lang/Object;Ljava/lang/Object;ZZ)Ljava/lang/Object; @ 152 c2
Event: 0.577 Thread 0x000001a9f4572000 Uncommon trap: reason=bimorphic_or_optimized_type_check action=maybe_recompile pc=0x000001a987acd8c4 method=java.util.AbstractCollection.isEmpty()Z @ 1 c2
Event: 0.577 Thread 0x000001a9f4572000 Uncommon trap: reason=bimorphic_or_optimized_type_check action=maybe_recompile pc=0x000001a987acd8c4 method=java.util.AbstractCollection.isEmpty()Z @ 1 c2
Event: 0.577 Thread 0x000001a9f4572000 Uncommon trap: reason=bimorphic_or_optimized_type_check action=maybe_recompile pc=0x000001a987acd8c4 method=java.util.AbstractCollection.isEmpty()Z @ 1 c2
Event: 0.578 Thread 0x000001a9f4572000 Uncommon trap: reason=bimorphic_or_optimized_type_check action=maybe_recompile pc=0x000001a987acd8c4 method=java.util.AbstractCollection.isEmpty()Z @ 1 c2
Event: 0.589 Thread 0x000001a9f4572000 Uncommon trap: reason=class_check action=maybe_recompile pc=0x000001a987ad8120 method=java.util.HashMap.putVal(ILjava/lang/Object;Ljava/lang/Object;ZZ)Ljava/lang/Object; @ 253 c2
Event: 0.589 Thread 0x000001a9f4572000 Uncommon trap: reason=unstable_if action=reinterpret pc=0x000001a987ad8224 method=java.util.HashMap.putVal(ILjava/lang/Object;Ljava/lang/Object;ZZ)Ljava/lang/Object; @ 81 c2
Event: 1.351 Thread 0x000001a9f4572000 Uncommon trap: reason=unstable_if action=reinterpret pc=0x000001a987ac5f20 method=java.lang.String.isLatin1()Z @ 10 c2

Classes redefined (0 events):
No events

Internal exceptions (10 events):
Event: 0.077 Thread 0x000001a9f4572000 Exception <a 'sun/nio/fs/WindowsException'{0x000000008a823988}> (0x000000008a823988) thrown at [t:/workspace/open/src/hotspot/share/prims/jni.cpp, line 615]
Event: 0.077 Thread 0x000001a9f4572000 Exception <a 'sun/nio/fs/WindowsException'{0x000000008a8243f0}> (0x000000008a8243f0) thrown at [t:/workspace/open/src/hotspot/share/prims/jni.cpp, line 615]
Event: 0.077 Thread 0x000001a9f4572000 Exception <a 'sun/nio/fs/WindowsException'{0x000000008a824e78}> (0x000000008a824e78) thrown at [t:/workspace/open/src/hotspot/share/prims/jni.cpp, line 615]
Event: 0.077 Thread 0x000001a9f4572000 Exception <a 'sun/nio/fs/WindowsException'{0x000000008a8258d0}> (0x000000008a8258d0) thrown at [t:/workspace/open/src/hotspot/share/prims/jni.cpp, line 615]
Event: 0.549 Thread 0x000001a9f4572000 Exception <a 'java/lang/NoSuchMethodError'{0x000000008a72bb60}: java.lang.invoke.DirectMethodHandle$Holder.invokeStaticInit(Ljava/lang/Object;Ljava/lang/Object;Ljava/lang/Object;)Ljava/lang/Object;> (0x000000008a72bb60) thrown at [t:/workspace/open/src/ho
Event: 0.567 Thread 0x000001a9f4572000 Exception <a 'java/lang/NoSuchMethodError'{0x000000008a6abe90}: java.lang.invoke.DirectMethodHandle$Holder.invokeInterface(Ljava/lang/Object;Ljava/lang/Object;)I> (0x000000008a6abe90) thrown at [t:/workspace/open/src/hotspot/share/interpreter/linkResolver
Event: 0.567 Thread 0x000001a9f4572000 Exception <a 'java/lang/IncompatibleClassChangeError'{0x000000008a6ae990}: Found class java.lang.Object, but interface was expected> (0x000000008a6ae990) thrown at [t:/workspace/open/src/hotspot/share/interpreter/linkResolver.cpp, line 843]
Event: 0.663 Thread 0x000001a9ffc46000 Exception <a 'java/lang/VerifyError'{0x000000008a6074b0}: Stack map does not match the one at exception handler 21
Exception Details:
  Location:
    org/netbeans/lib/profiler/ConstructorTest.<init>()V @21: astore_1
  Reason:
    Current frame's flags are
Event: 0.888 Thread 0x000001a9ffc46000 Exception <a 'java/lang/NoSuchMethodError'{0x000000008a634f88}: java.lang.invoke.DirectMethodHandle$Holder.invokeStaticInit(Ljava/lang/Object;IIII)Ljava/lang/Object;> (0x000000008a634f88) thrown at [t:/workspace/open/src/hotspot/share/interpreter/linkReso
Event: 1.161 Thread 0x000001a9ffc46000 Exception <a 'java/lang/NoSuchMethodError'{0x000000008a309b38}: java.lang.invoke.DirectMethodHandle$Holder.invokeStaticInit(Ljava/lang/Object;Ljava/lang/Object;IIII)Ljava/lang/Object;> (0x000000008a309b38) thrown at [t:/workspace/open/src/hotspot/share/in

Events (10 events):
Event: 2.165 Executing VM operation: GetAllStackTraces done
Event: 2.168 loading class org/netbeans/lib/profiler/wireprotocol/EventBufferDumpedCommand
Event: 2.169 loading class org/netbeans/lib/profiler/wireprotocol/EventBufferDumpedCommand done
Event: 2.176 Executing VM operation: GetAllStackTraces
Event: 2.176 Executing VM operation: GetAllStackTraces done
Event: 2.180 loading class org/netbeans/lib/profiler/wireprotocol/DumpResultsResponse
Event: 2.180 loading class org/netbeans/lib/profiler/wireprotocol/DumpResultsResponse done
Event: 2.185 loading class org/netbeans/lib/profiler/wireprotocol/GetMethodNamesForJMethodIdsCommand
Event: 2.186 loading class org/netbeans/lib/profiler/wireprotocol/GetMethodNamesForJMethodIdsCommand done
Event: 2.190 Executing VM operation: GetAllStackTraces


Dynamic libraries:
0x00007ff7c88b0000 - 0x00007ff7c88bf000 	C:\Program Files\Java\jdk-12.0.1\bin\java.exe
0x00007ffb9e690000 - 0x00007ffb9e871000 	C:\Windows\SYSTEM32\ntdll.dll
0x00007ffb9c2b0000 - 0x00007ffb9c361000 	C:\Windows\System32\KERNEL32.DLL
0x00007ffb9b820000 - 0x00007ffb9ba93000 	C:\Windows\System32\KERNELBASE.dll
0x00000000623e0000 - 0x0000000062473000 	C:\Windows\System32\SYSFER.DLL
0x00007ffb9aa40000 - 0x00007ffb9ab38000 	C:\Windows\System32\ucrtbase.dll
0x00007ffb81400000 - 0x00007ffb81416000 	C:\Program Files\Java\jdk-12.0.1\bin\VCRUNTIME140.dll
0x00007ffb8a7b0000 - 0x00007ffb8a7c8000 	C:\Program Files\Java\jdk-12.0.1\bin\jli.dll
0x00007ffb9c180000 - 0x00007ffb9c221000 	C:\Windows\System32\ADVAPI32.dll
0x00007ffb9c370000 - 0x00007ffb9c40e000 	C:\Windows\System32\msvcrt.dll
0x00007ffb9bb00000 - 0x00007ffb9bb5b000 	C:\Windows\System32\sechost.dll
0x00007ffb9c4c0000 - 0x00007ffb9c5e4000 	C:\Windows\System32\RPCRT4.dll
0x00007ffb9e160000 - 0x00007ffb9e2f1000 	C:\Windows\System32\USER32.dll
0x00007ffb9b560000 - 0x00007ffb9b580000 	C:\Windows\System32\win32u.dll
0x00007ffb88c90000 - 0x00007ffb88ef9000 	C:\Windows\WinSxS\amd64_microsoft.windows.common-controls_6595b64144ccf1df_6.0.17134.1184_none_d403e8b37c8ca406\COMCTL32.dll
0x00007ffb9bb60000 - 0x00007ffb9bb88000 	C:\Windows\System32\GDI32.dll
0x00007ffb9e330000 - 0x00007ffb9e651000 	C:\Windows\System32\combase.dll
0x00007ffb9b370000 - 0x00007ffb9b501000 	C:\Windows\System32\gdi32full.dll
0x00007ffb9ab40000 - 0x00007ffb9abb9000 	C:\Windows\System32\bcryptPrimitives.dll
0x00007ffb9b2d0000 - 0x00007ffb9b36f000 	C:\Windows\System32\msvcp_win.dll
0x00007ffb95b60000 - 0x00007ffb95b6a000 	C:\Windows\SYSTEM32\VERSION.dll
0x00007ffb9e300000 - 0x00007ffb9e32d000 	C:\Windows\System32\IMM32.DLL
0x00007ffb77e70000 - 0x00007ffb77f1a000 	C:\Program Files\Java\jdk-12.0.1\bin\msvcp140.dll
0x00007ffb68190000 - 0x00007ffb68d04000 	C:\Program Files\Java\jdk-12.0.1\bin\server\jvm.dll
0x00007ffb9c0a0000 - 0x00007ffb9c0a8000 	C:\Windows\System32\PSAPI.DLL
0x00007ffb96360000 - 0x00007ffb96369000 	C:\Windows\SYSTEM32\WSOCK32.dll
0x00007ffb9c610000 - 0x00007ffb9c67c000 	C:\Windows\System32\WS2_32.dll
0x00007ffb98d70000 - 0x00007ffb98d93000 	C:\Windows\SYSTEM32\WINMM.dll
0x00007ffb98d40000 - 0x00007ffb98d6a000 	C:\Windows\SYSTEM32\WINMMBASE.dll
0x00007ffb9b510000 - 0x00007ffb9b559000 	C:\Windows\System32\cfgmgr32.dll
0x00007ffb9a9b0000 - 0x00007ffb9a9c1000 	C:\Windows\System32\kernel.appcore.dll
0x00007ffb7f380000 - 0x00007ffb7f391000 	C:\Program Files\Java\jdk-12.0.1\bin\verify.dll
0x00007ffb8bfa0000 - 0x00007ffb8c169000 	C:\Windows\SYSTEM32\DBGHELP.DLL
0x00007ffb8bf70000 - 0x00007ffb8bf99000 	C:\Windows\SYSTEM32\dbgcore.DLL
0x00007ffb78130000 - 0x00007ffb78156000 	C:\Program Files\Java\jdk-12.0.1\bin\java.dll
0x00007ffb935f0000 - 0x00007ffb935ff000 	C:\Program Files\NetBeans-11.1\netbeans\profiler\lib\deployed\jdk16\windows-amd64\profilerinterface.dll
0x00007ffb7cb80000 - 0x00007ffb7cb97000 	C:\Program Files\Java\jdk-12.0.1\bin\zip.dll
0x00007ffb96350000 - 0x00007ffb9635a000 	C:\Program Files\Java\jdk-12.0.1\bin\jimage.dll
0x00007ffb9cd10000 - 0x00007ffb9e155000 	C:\Windows\System32\SHELL32.dll
0x00007ffb9c410000 - 0x00007ffb9c4b9000 	C:\Windows\System32\shcore.dll
0x00007ffb9abc0000 - 0x00007ffb9b2d0000 	C:\Windows\System32\windows.storage.dll
0x00007ffb9bb90000 - 0x00007ffb9bbe1000 	C:\Windows\System32\shlwapi.dll
0x00007ffb9a980000 - 0x00007ffb9a99f000 	C:\Windows\System32\profapi.dll
0x00007ffb9a9d0000 - 0x00007ffb9aa1c000 	C:\Windows\System32\powrprof.dll
0x00007ffb9a9a0000 - 0x00007ffb9a9aa000 	C:\Windows\System32\FLTLIB.DLL
0x00007ffb7a690000 - 0x00007ffb7a6a9000 	C:\Program Files\Java\jdk-12.0.1\bin\net.dll
0x00007ffb91bd0000 - 0x00007ffb91cad000 	C:\Windows\SYSTEM32\WINHTTP.dll
0x00007ffb8c170000 - 0x00007ffb8c33a000 	C:\Windows\SYSTEM32\urlmon.dll
0x00007ffb8b830000 - 0x00007ffb8bad7000 	C:\Windows\SYSTEM32\iertutil.dll
0x00007ffb9a3d0000 - 0x00007ffb9a3db000 	C:\Windows\SYSTEM32\CRYPTBASE.DLL
0x00007ffb9a200000 - 0x00007ffb9a266000 	C:\Windows\system32\mswsock.dll
0x00007ffb78d10000 - 0x00007ffb78d23000 	C:\Program Files\Java\jdk-12.0.1\bin\nio.dll
0x00007ffb944a0000 - 0x00007ffb944a9000 	C:\Program Files\Java\jdk-12.0.1\bin\management.dll
0x00007ffb8b4c0000 - 0x00007ffb8b4cc000 	C:\Program Files\Java\jdk-12.0.1\bin\management_ext.dll
0x00007ffb9a3b0000 - 0x00007ffb9a3c7000 	C:\Windows\SYSTEM32\CRYPTSP.dll
0x00007ffb99db0000 - 0x00007ffb99de3000 	C:\Windows\system32\rsaenh.dll
0x00007ffb9a4e0000 - 0x00007ffb9a505000 	C:\Windows\SYSTEM32\bcrypt.dll
0x00007ffb9a880000 - 0x00007ffb9a8a8000 	C:\Windows\SYSTEM32\USERENV.dll
0x00007ffb99f50000 - 0x00007ffb99f88000 	C:\Windows\SYSTEM32\IPHLPAPI.DLL
0x00007ffb9c900000 - 0x00007ffb9c908000 	C:\Windows\System32\NSI.dll
0x00007ffb92150000 - 0x00007ffb92166000 	C:\Windows\SYSTEM32\dhcpcsvc6.DLL
0x00007ffb92130000 - 0x00007ffb9214a000 	C:\Windows\SYSTEM32\dhcpcsvc.DLL

dbghelp: loaded successfully - version: 4.0.5 - missing functions: none
symbol engine: initialized successfully - sym options: 0x614 - pdb path: .;C:\Program Files\Java\jdk-12.0.1\bin;C:\Windows\SYSTEM32;C:\Windows\WinSxS\amd64_microsoft.windows.common-controls_6595b64144ccf1df_6.0.17134.1184_none_d403e8b37c8ca406;C:\Program Files\Java\jdk-12.0.1\bin\server;C:\Program Files\NetBeans-11.1\netbeans\profiler\lib\deployed\jdk16\windows-amd64

VM Arguments:
jvm_args: -Dfile.encoding=UTF-8 -agentpath:C:/Program Files/NetBeans-11.1/netbeans/profiler/lib/deployed/jdk16/windows-amd64/profilerinterface.dll=C:\Program Files\NetBeans-11.1\netbeans\profiler\lib,5140,10 -XX:+HeapDumpOnOutOfMemoryError -XX:HeapDumpPath=C:\Users\10361\Documents\NetBeansProjects\ClinicaPP\nbproject\private\profiler --module-path=C:\Users\10361\Documents\NetBeansProjects\ClinicaPP\build\classes 
java_command: principa.Principal
java_class_path (initial): C:\Users\10361\Documents\NetBeansProjects\ClinicaPP\build\classes
Launcher Type: SUN_STANDARD

[Global flags]
     intx CICompilerCount                          = 3                                         {product} {ergonomic}
     uint ConcGCThreads                            = 1                                         {product} {ergonomic}
     uint G1ConcRefinementThreads                  = 4                                         {product} {ergonomic}
   size_t G1HeapRegionSize                         = 1048576                                   {product} {ergonomic}
    uintx GCDrainStackTargetSize                   = 64                                        {product} {ergonomic}
     bool HeapDumpOnOutOfMemoryError               = true                                   {manageable} {command line}
    ccstr HeapDumpPath                             = C:\Users\10361\Documents\NetBeansProjects\ClinicaPP\nbproject\private\profiler         {manageable} {command line}
   size_t InitialHeapSize                          = 132120576                                 {product} {ergonomic}
   size_t MarkStackSize                            = 4194304                                   {product} {ergonomic}
   size_t MaxHeapSize                              = 2101346304                                {product} {ergonomic}
   size_t MaxNewSize                               = 1260388352                                {product} {ergonomic}
   size_t MinHeapDeltaBytes                        = 1048576                                   {product} {ergonomic}
    uintx NonNMethodCodeHeapSize                   = 5830732                                {pd product} {ergonomic}
    uintx NonProfiledCodeHeapSize                  = 122913754                              {pd product} {ergonomic}
    uintx ProfiledCodeHeapSize                     = 122913754                              {pd product} {ergonomic}
    uintx ReservedCodeCacheSize                    = 251658240                              {pd product} {ergonomic}
     bool SegmentedCodeCache                       = true                                      {product} {ergonomic}
     bool UseCompressedClassPointers               = true                                 {lp64_product} {ergonomic}
     bool UseCompressedOops                        = true                                 {lp64_product} {ergonomic}
     bool UseG1GC                                  = true                                      {product} {ergonomic}
     bool UseLargePagesIndividualAllocation        = false                                  {pd product} {ergonomic}

Logging:
Log output configuration:
 #0: stdout all=warning uptime,level,tags
 #1: stderr all=off uptime,level,tags

Environment Variables:
PATH=C:\Program Files (x86)\Common Files\Oracle\Java\javapath;C:\Oracle\product\11.2.0\client_1;C:\Oracle\product\11.2.0\client_1\bin;C:\Windows\system32;C:\Windows;"C:\Windows\system32;C:\Windows;C:\Windows\System32\Wbem;C:\Windows\System32\WindowsPowerShell\v1.0\;c:\Oracle\product\10.1.0\Client_1";C:\Windows\System32\WindowsPowerShell\v1.0\;C:\Windows\System32\OpenSSH\;;C:\Program Files\Microsoft VS Code\bin;C:\Program Files\dotnet\;C:\Program Files\Microsoft SQL Server\130\Tools\Binn\;C:\Program Files\Microsoft SQL Server\Client SDK\ODBC\170\Tools\Binn\;C:\Users\10361\AppData\Local\Microsoft\WindowsApps;
USERNAME=10361
OS=Windows_NT
PROCESSOR_IDENTIFIER=Intel64 Family 6 Model 158 Stepping 11, GenuineIntel



---------------  S Y S T E M  ---------------

OS: Windows 10 , 64 bit Build 17134 (10.0.17134.753)

CPU:total 4 (initial active 4) (4 cores per cpu, 1 threads per core) family 6 model 158 stepping 11, cmov, cx8, fxsr, mmx, sse, sse2, sse3, ssse3, sse4.1, sse4.2, popcnt, avx, avx2, aes, clmul, erms, 3dnowpref, lzcnt, tsc, tscinvbit, bmi1, bmi2, adx, fma

Memory: 4k page, system-wide physical 8015M (3050M free)
TotalPageFile size 9295M (AvailPageFile size 3323M)
current process WorkingSet (physical memory assigned to process): 58M, peak: 58M
current process commit charge ("private bytes"): 219M, peak: 222M

vm_info: Java HotSpot(TM) 64-Bit Server VM (12.0.1+12) for windows-amd64 JRE (12.0.1+12), built on Apr  2 2019 14:02:19 by "mach5one" with MS VC++ 15.5 (VS2017)

END.
